This file contains any messages produced by compilers while
running configure, to aid debugging if configure makes a mistake.

It was created by m configure 0.1, which was
generated by GNU Autoconf 2.63.  Invocation command line was

  $ ./configure 

## --------- ##
## Platform. ##
## --------- ##

hostname = tracey
uname -m = i686
uname -r = 2.6.28-13-generic
uname -s = Linux
uname -v = #45-Ubuntu SMP Tue Jun 30 19:49:51 UTC 2009

/usr/bin/uname -p = unknown
/bin/uname -X     = unknown

/bin/arch              = unknown
/usr/bin/arch -k       = unknown
/usr/convex/getsysinfo = unknown
/usr/bin/hostinfo      = unknown
/bin/machine           = unknown
/usr/bin/oslevel       = unknown
/bin/universe          = unknown

PATH: /usr/local/sbin
PATH: /usr/local/bin
PATH: /usr/sbin
PATH: /usr/bin
PATH: /sbin
PATH: /bin
PATH: /usr/games


## ----------- ##
## Core tests. ##
## ----------- ##

configure:1822: checking for a BSD-compatible install
configure:1890: result: /usr/bin/install -c
configure:1901: checking whether build environment is sane
configure:1944: result: yes
configure:1969: checking for a thread-safe mkdir -p
configure:2008: result: /bin/mkdir -p
configure:2021: checking for gawk
configure:2051: result: no
configure:2021: checking for mawk
configure:2037: found /usr/bin/mawk
configure:2048: result: mawk
configure:2059: checking whether make sets $(MAKE)
configure:2081: result: yes
configure:2265: checking whether to enable maintainer-specific portions of Makefiles
configure:2274: result: no
configure:2290: checking for pkg-config
configure:2308: found /usr/bin/pkg-config
configure:2321: result: /usr/bin/pkg-config
configure:2394: checking for a BSD-compatible install
configure:2462: result: /usr/bin/install -c
configure:2476: checking for gmcs
configure:2494: found /usr/bin/gmcs
configure:2507: result: /usr/bin/gmcs
configure:2675: checking pkg-config is at least version 0.9.0
configure:2678: result: yes
configure:2689: checking for GLIB_SHARP_20
configure:2697: $PKG_CONFIG --exists --print-errors "glib-sharp-2.0"
configure:2700: $? = 0
configure:2715: $PKG_CONFIG --exists --print-errors "glib-sharp-2.0"
configure:2718: $? = 0
configure:2796: result: yes
configure:2972: creating ./config.status

## ---------------------- ##
## Running config.status. ##
## ---------------------- ##

This file was extended by m config.status 0.1, which was
generated by GNU Autoconf 2.63.  Invocation command line was

  CONFIG_FILES    = 
  CONFIG_HEADERS  = 
  CONFIG_LINKS    = 
  CONFIG_COMMANDS = 
  $ ./config.status 

on tracey

config.status:675: creating m
config.status:675: creating Makefile

## ---------------- ##
## Cache variables. ##
## ---------------- ##

ac_cv_env_GLIB_SHARP_20_CFLAGS_set=
ac_cv_env_GLIB_SHARP_20_CFLAGS_value=
ac_cv_env_GLIB_SHARP_20_LIBS_set=
ac_cv_env_GLIB_SHARP_20_LIBS_value=
ac_cv_env_PKG_CONFIG_set=
ac_cv_env_PKG_CONFIG_value=
ac_cv_env_build_alias_set=
ac_cv_env_build_alias_value=
ac_cv_env_host_alias_set=
ac_cv_env_host_alias_value=
ac_cv_env_target_alias_set=
ac_cv_env_target_alias_value=
ac_cv_path_GMCS=/usr/bin/gmcs
ac_cv_path_PKG_CONFIG=/usr/bin/pkg-config
ac_cv_path_install='/usr/bin/install -c'
ac_cv_path_mkdir=/bin/mkdir
ac_cv_prog_AWK=mawk
ac_cv_prog_make_make_set=yes
pkg_cv_GLIB_SHARP_20_CFLAGS='-I:/usr/lib/pkgconfig/../../share/gapi-2.0/glib-api.xml  '
pkg_cv_GLIB_SHARP_20_LIBS='-r:/usr/lib/pkgconfig/../../lib/mono/gtk-sharp-2.0/glib-sharp.dll  '

## ----------------- ##
## Output variables. ##
## ----------------- ##

ACLOCAL='${SHELL} /home/nick/dev/m/missing --run aclocal-1.10'
AMTAR='${SHELL} /home/nick/dev/m/missing --run tar'
AUTOCONF='${SHELL} /home/nick/dev/m/missing --run autoconf'
AUTOHEADER='${SHELL} /home/nick/dev/m/missing --run autoheader'
AUTOMAKE='${SHELL} /home/nick/dev/m/missing --run automake-1.10'
AWK='mawk'
CYGPATH_W='echo'
DEFS='-DPACKAGE_NAME=\"m\" -DPACKAGE_TARNAME=\"m\" -DPACKAGE_VERSION=\"0.1\" -DPACKAGE_STRING=\"m\ 0.1\" -DPACKAGE_BUGREPORT=\"\" -DPACKAGE=\"m\" -DVERSION=\"0.1\"'
ECHO_C=''
ECHO_N='-n'
ECHO_T=''
ENABLE_DEBUG_FALSE='#'
ENABLE_DEBUG_TRUE=''
ENABLE_RELEASE_FALSE=''
ENABLE_RELEASE_TRUE='#'
GLIB_SHARP_20_CFLAGS='-I:/usr/lib/pkgconfig/../../share/gapi-2.0/glib-api.xml  '
GLIB_SHARP_20_LIBS='-r:/usr/lib/pkgconfig/../../lib/mono/gtk-sharp-2.0/glib-sharp.dll  '
GMCS='/usr/bin/gmcs'
INSTALL_DATA='${INSTALL} -m 644'
INSTALL_PROGRAM='${INSTALL}'
INSTALL_SCRIPT='${INSTALL}'
INSTALL_STRIP_PROGRAM='$(install_sh) -c -s'
LIBOBJS=''
LIBS=''
LTLIBOBJS=''
MAINT='#'
MAINTAINER_MODE_FALSE=''
MAINTAINER_MODE_TRUE='#'
MAKEINFO='${SHELL} /home/nick/dev/m/missing --run makeinfo'
MKDIR_P='/bin/mkdir -p'
PACKAGE='m'
PACKAGE_BUGREPORT=''
PACKAGE_NAME='m'
PACKAGE_STRING='m 0.1'
PACKAGE_TARNAME='m'
PACKAGE_VERSION='0.1'
PATH_SEPARATOR=':'
PKG_CONFIG='/usr/bin/pkg-config'
SET_MAKE=''
SHELL='/bin/bash'
STRIP=''
VERSION='0.1'
am__isrc=''
am__leading_dot='.'
am__tar='${AMTAR} chof - "$$tardir"'
am__untar='${AMTAR} xf -'
bindir='${exec_prefix}/bin'
build_alias=''
datadir='${datarootdir}'
datarootdir='${prefix}/share'
docdir='${datarootdir}/doc/${PACKAGE_TARNAME}'
dvidir='${docdir}'
exec_prefix='/usr/local'
expanded_bindir='/usr/local/bin'
expanded_datadir='/usr/local/share'
expanded_libdir='/usr/local/lib'
host_alias=''
htmldir='${docdir}'
includedir='${prefix}/include'
infodir='${datarootdir}/info'
install_sh='$(SHELL) /home/nick/dev/m/install-sh'
libdir='${exec_prefix}/lib'
libexecdir='${exec_prefix}/libexec'
localedir='${datarootdir}/locale'
localstatedir='${prefix}/var'
mandir='${datarootdir}/man'
mkdir_p='/bin/mkdir -p'
oldincludedir='/usr/include'
pdfdir='${docdir}'
prefix='/usr/local'
program_transform_name='s,x,x,'
psdir='${docdir}'
sbindir='${exec_prefix}/sbin'
sharedstatedir='${prefix}/com'
sysconfdir='${prefix}/etc'
target_alias=''

## ----------- ##
## confdefs.h. ##
## ----------- ##

#define PACKAGE_NAME "m"
#define PACKAGE_TARNAME "m"
#define PACKAGE_VERSION "0.1"
#define PACKAGE_STRING "m 0.1"
#define PACKAGE_BUGREPORT ""
#define PACKAGE "m"
#define VERSION "0.1"

configure: exit 0
